[debug] [2023-08-12T20:22:16.279Z] ----------------------------------------------------------------------
[debug] [2023-08-12T20:22:16.281Z] Command:       C:\Program Files\nodejs\node.exe C:\Users\User\AppData\Roaming\npm\node_modules\firebase-tools\lib\bin\firebase.js emulators:start --only auth
[debug] [2023-08-12T20:22:16.281Z] CLI Version:   12.4.7
[debug] [2023-08-12T20:22:16.281Z] Platform:      win32
[debug] [2023-08-12T20:22:16.282Z] Node Version:  v16.16.0
[debug] [2023-08-12T20:22:16.283Z] Time:          Sat Aug 12 2023 23:22:16 GMT+0300 (Източноевропейско лятно часово време)
[debug] [2023-08-12T20:22:16.283Z] ----------------------------------------------------------------------
[debug] 
[debug] [2023-08-12T20:22:16.374Z] > command requires scopes: ["email","openid","https://www.googleapis.com/auth/cloudplatformprojects.readonly","https://www.googleapis.com/auth/firebase","https://www.googleapis.com/auth/cloud-platform"]
[debug] [2023-08-12T20:22:16.374Z] > authorizing via signed-in user (m.mircheva02@gmail.com)
[info] i  emulators: Starting emulators: auth {"metadata":{"emulator":{"name":"hub"},"message":"Starting emulators: auth"}}
[debug] [2023-08-12T20:22:16.386Z] [logging] Logging Emulator only supports listening on one address (127.0.0.1). Not listening on ::1
[debug] [2023-08-12T20:22:16.386Z] [auth] Authentication Emulator only supports listening on one address (127.0.0.1). Not listening on ::1
[debug] [2023-08-12T20:22:16.387Z] assigned listening specs for emulators {"user":{"hub":[{"address":"127.0.0.1","family":"IPv4","port":4400},{"address":"::1","family":"IPv6","port":4400}],"ui":[{"address":"127.0.0.1","family":"IPv4","port":9090},{"address":"::1","family":"IPv6","port":9090}],"logging":[{"address":"127.0.0.1","family":"IPv4","port":4500}],"auth":[{"address":"127.0.0.1","family":"IPv4","port":4200}]},"metadata":{"message":"assigned listening specs for emulators"}}
[debug] [2023-08-12T20:22:16.408Z] [hub] writing locator at C:\Users\User\AppData\Local\Temp\hub-beauty-salon-firebase.json
[info] i  ui: downloading ui-v1.11.7.zip... {"metadata":{"emulator":{"name":"ui"},"message":"downloading ui-v1.11.7.zip..."}}
[debug] [2023-08-12T20:22:24.048Z] >>> [apiv2][query] GET https://storage.googleapis.com/firebase-preview-drop/emulator/ui-v1.11.7.zip 
[debug] [2023-08-12T20:22:24.665Z] <<< [apiv2][status] GET https://storage.googleapis.com/firebase-preview-drop/emulator/ui-v1.11.7.zip 200
[debug] [2023-08-12T20:22:24.666Z] <<< [apiv2][body] GET https://storage.googleapis.com/firebase-preview-drop/emulator/ui-v1.11.7.zip [stream]
[debug] [2023-08-12T20:22:25.396Z] Data is 3064105
[debug] [2023-08-12T20:22:25.396Z] [unzip] Entry: client/ (compressed_size=0 bytes, uncompressed_size=0 bytes)
[debug] [2023-08-12T20:22:25.396Z] [unzip] Processing entry: client\
[debug] [2023-08-12T20:22:25.397Z] [unzip] mkdir: C:\Users\User\.cache\firebase\emulators\ui-v1.11.7\client\
[debug] [2023-08-12T20:22:25.398Z] [unzip] Entry: client/favicon.ico (compressed_size=2497 bytes, uncompressed_size=7406 bytes)
[debug] [2023-08-12T20:22:25.399Z] [unzip] Processing entry: client\favicon.ico
[debug] [2023-08-12T20:22:25.399Z] [unzip] else mkdir: C:\Users\User\.cache\firebase\emulators\ui-v1.11.7\client
[debug] [2023-08-12T20:22:25.399Z] [unzip] deflating: C:\Users\User\.cache\firebase\emulators\ui-v1.11.7\client\favicon.ico
[debug] [2023-08-12T20:22:25.408Z] [unzip] Entry: client/apple-touch-icon.png (compressed_size=7231 bytes, uncompressed_size=7367 bytes)
[debug] [2023-08-12T20:22:25.408Z] [unzip] Processing entry: client\apple-touch-icon.png
[debug] [2023-08-12T20:22:25.408Z] [unzip] else mkdir: C:\Users\User\.cache\firebase\emulators\ui-v1.11.7\client
[debug] [2023-08-12T20:22:25.409Z] [unzip] deflating: C:\Users\User\.cache\firebase\emulators\ui-v1.11.7\client\apple-touch-icon.png
[debug] [2023-08-12T20:22:25.410Z] [unzip] Entry: client/android-chrome-512x512.png (compressed_size=16987 bytes, uncompressed_size=18186 bytes)
[debug] [2023-08-12T20:22:25.410Z] [unzip] Processing entry: client\android-chrome-512x512.png
[debug] [2023-08-12T20:22:25.410Z] [unzip] else mkdir: C:\Users\User\.cache\firebase\emulators\ui-v1.11.7\client
[debug] [2023-08-12T20:22:25.411Z] [unzip] deflating: C:\Users\User\.cache\firebase\emulators\ui-v1.11.7\client\android-chrome-512x512.png
[debug] [2023-08-12T20:22:25.412Z] [unzip] Entry: client/assets/ (compressed_size=0 bytes, uncompressed_size=0 bytes)
[debug] [2023-08-12T20:22:25.413Z] [unzip] Processing entry: client\assets\
[debug] [2023-08-12T20:22:25.413Z] [unzip] mkdir: C:\Users\User\.cache\firebase\emulators\ui-v1.11.7\client\assets\
[debug] [2023-08-12T20:22:25.413Z] [unzip] Entry: client/assets/extensions/ (compressed_size=0 bytes, uncompressed_size=0 bytes)
[debug] [2023-08-12T20:22:25.414Z] [unzip] Processing entry: client\assets\extensions\
[debug] [2023-08-12T20:22:25.414Z] [unzip] mkdir: C:\Users\User\.cache\firebase\emulators\ui-v1.11.7\client\assets\extensions\
[debug] [2023-08-12T20:22:25.414Z] [unzip] Entry: client/assets/extensions/default-extension.png (compressed_size=1646 bytes, uncompressed_size=1657 bytes)
[debug] [2023-08-12T20:22:25.415Z] [unzip] Processing entry: client\assets\extensions\default-extension.png
[debug] [2023-08-12T20:22:25.415Z] [unzip] else mkdir: C:\Users\User\.cache\firebase\emulators\ui-v1.11.7\client\assets\extensions
[debug] [2023-08-12T20:22:25.415Z] [unzip] deflating: C:\Users\User\.cache\firebase\emulators\ui-v1.11.7\client\assets\extensions\default-extension.png
[debug] [2023-08-12T20:22:25.417Z] [unzip] Entry: client/assets/index.58ca09f7.css (compressed_size=37601 bytes, uncompressed_size=321252 bytes)
[debug] [2023-08-12T20:22:25.417Z] [unzip] Processing entry: client\assets\index.58ca09f7.css
[debug] [2023-08-12T20:22:25.417Z] [unzip] else mkdir: C:\Users\User\.cache\firebase\emulators\ui-v1.11.7\client\assets
[debug] [2023-08-12T20:22:25.418Z] [unzip] deflating: C:\Users\User\.cache\firebase\emulators\ui-v1.11.7\client\assets\index.58ca09f7.css
[debug] [2023-08-12T20:22:25.422Z] [unzip] Entry: client/assets/index.c2583d42.js (compressed_size=526232 bytes, uncompressed_size=1860152 bytes)
[debug] [2023-08-12T20:22:25.423Z] [unzip] Processing entry: client\assets\index.c2583d42.js
[debug] [2023-08-12T20:22:25.423Z] [unzip] else mkdir: C:\Users\User\.cache\firebase\emulators\ui-v1.11.7\client\assets
[debug] [2023-08-12T20:22:25.423Z] [unzip] deflating: C:\Users\User\.cache\firebase\emulators\ui-v1.11.7\client\assets\index.c2583d42.js
[debug] [2023-08-12T20:22:25.440Z] [unzip] Entry: client/assets/provider-icons/ (compressed_size=0 bytes, uncompressed_size=0 bytes)
[debug] [2023-08-12T20:22:25.440Z] [unzip] Processing entry: client\assets\provider-icons\
[debug] [2023-08-12T20:22:25.441Z] [unzip] mkdir: C:\Users\User\.cache\firebase\emulators\ui-v1.11.7\client\assets\provider-icons\
[debug] [2023-08-12T20:22:25.441Z] [unzip] Entry: client/assets/provider-icons/auth_service_oidc.svg (compressed_size=414 bytes, uncompressed_size=858 bytes)
[debug] [2023-08-12T20:22:25.441Z] [unzip] Processing entry: client\assets\provider-icons\auth_service_oidc.svg
[debug] [2023-08-12T20:22:25.442Z] [unzip] else mkdir: C:\Users\User\.cache\firebase\emulators\ui-v1.11.7\client\assets\provider-icons
[debug] [2023-08-12T20:22:25.443Z] [unzip] deflating: C:\Users\User\.cache\firebase\emulators\ui-v1.11.7\client\assets\provider-icons\auth_service_oidc.svg
[debug] [2023-08-12T20:22:25.444Z] [unzip] Entry: client/assets/provider-icons/auth_service_yahoo.svg (compressed_size=577 bytes, uncompressed_size=1182 bytes)
[debug] [2023-08-12T20:22:25.444Z] [unzip] Processing entry: client\assets\provider-icons\auth_service_yahoo.svg
[debug] [2023-08-12T20:22:25.444Z] [unzip] else mkdir: C:\Users\User\.cache\firebase\emulators\ui-v1.11.7\client\assets\provider-icons
[debug] [2023-08-12T20:22:25.444Z] [unzip] deflating: C:\Users\User\.cache\firebase\emulators\ui-v1.11.7\client\assets\provider-icons\auth_service_yahoo.svg
[debug] [2023-08-12T20:22:25.446Z] [unzip] Entry: client/assets/provider-icons/auth_service_phone.svg (compressed_size=261 bytes, uncompressed_size=414 bytes)
[debug] [2023-08-12T20:22:25.446Z] [unzip] Processing entry: client\assets\provider-icons\auth_service_phone.svg
[debug] [2023-08-12T20:22:25.446Z] [unzip] else mkdir: C:\Users\User\.cache\firebase\emulators\ui-v1.11.7\client\assets\provider-icons
[debug] [2023-08-12T20:22:25.446Z] [unzip] deflating: C:\Users\User\.cache\firebase\emulators\ui-v1.11.7\client\assets\provider-icons\auth_service_phone.svg
[debug] [2023-08-12T20:22:25.449Z] [unzip] Entry: client/assets/provider-icons/auth_service_saml.svg (compressed_size=575 bytes, uncompressed_size=1226 bytes)
[debug] [2023-08-12T20:22:25.449Z] [unzip] Processing entry: client\assets\provider-icons\auth_service_saml.svg
[debug] [2023-08-12T20:22:25.449Z] [unzip] else mkdir: C:\Users\User\.cache\firebase\emulators\ui-v1.11.7\client\assets\provider-icons
[debug] [2023-08-12T20:22:25.450Z] [unzip] deflating: C:\Users\User\.cache\firebase\emulators\ui-v1.11.7\client\assets\provider-icons\auth_service_saml.svg
[debug] [2023-08-12T20:22:25.451Z] [unzip] Entry: client/assets/provider-icons/auth_service_mslive.svg (compressed_size=203 bytes, uncompressed_size=378 bytes)
[debug] [2023-08-12T20:22:25.451Z] [unzip] Processing entry: client\assets\provider-icons\auth_service_mslive.svg
[debug] [2023-08-12T20:22:25.451Z] [unzip] else mkdir: C:\Users\User\.cache\firebase\emulators\ui-v1.11.7\client\assets\provider-icons
[debug] [2023-08-12T20:22:25.452Z] [unzip] deflating: C:\Users\User\.cache\firebase\emulators\ui-v1.11.7\client\assets\provider-icons\auth_service_mslive.svg
[debug] [2023-08-12T20:22:25.453Z] [unzip] Entry: client/assets/provider-icons/auth_service_facebook.svg (compressed_size=289 bytes, uncompressed_size=457 bytes)
[debug] [2023-08-12T20:22:25.453Z] [unzip] Processing entry: client\assets\provider-icons\auth_service_facebook.svg
[debug] [2023-08-12T20:22:25.453Z] [unzip] else mkdir: C:\Users\User\.cache\firebase\emulators\ui-v1.11.7\client\assets\provider-icons
[debug] [2023-08-12T20:22:25.453Z] [unzip] deflating: C:\Users\User\.cache\firebase\emulators\ui-v1.11.7\client\assets\provider-icons\auth_service_facebook.svg
[debug] [2023-08-12T20:22:25.455Z] [unzip] Entry: client/assets/provider-icons/auth_service_play_games.svg (compressed_size=565 bytes, uncompressed_size=1173 bytes)
[debug] [2023-08-12T20:22:25.456Z] [unzip] Processing entry: client\assets\provider-icons\auth_service_play_games.svg
[debug] [2023-08-12T20:22:25.456Z] [unzip] else mkdir: C:\Users\User\.cache\firebase\emulators\ui-v1.11.7\client\assets\provider-icons
[debug] [2023-08-12T20:22:25.456Z] [unzip] deflating: C:\Users\User\.cache\firebase\emulators\ui-v1.11.7\client\assets\provider-icons\auth_service_play_games.svg
[debug] [2023-08-12T20:22:25.457Z] [unzip] Entry: client/assets/provider-icons/auth_service_github.svg (compressed_size=466 bytes, uncompressed_size=838 bytes)
[debug] [2023-08-12T20:22:25.457Z] [unzip] Processing entry: client\assets\provider-icons\auth_service_github.svg
[debug] [2023-08-12T20:22:25.457Z] [unzip] else mkdir: C:\Users\User\.cache\firebase\emulators\ui-v1.11.7\client\assets\provider-icons
[debug] [2023-08-12T20:22:25.457Z] [unzip] deflating: C:\Users\User\.cache\firebase\emulators\ui-v1.11.7\client\assets\provider-icons\auth_service_github.svg
[debug] [2023-08-12T20:22:25.458Z] [unzip] Entry: client/assets/provider-icons/auth_service_apple.svg (compressed_size=230 bytes, uncompressed_size=334 bytes)
[debug] [2023-08-12T20:22:25.458Z] [unzip] Processing entry: client\assets\provider-icons\auth_service_apple.svg
[debug] [2023-08-12T20:22:25.459Z] [unzip] else mkdir: C:\Users\User\.cache\firebase\emulators\ui-v1.11.7\client\assets\provider-icons
[debug] [2023-08-12T20:22:25.459Z] [unzip] deflating: C:\Users\User\.cache\firebase\emulators\ui-v1.11.7\client\assets\provider-icons\auth_service_apple.svg
[debug] [2023-08-12T20:22:25.460Z] [unzip] Entry: client/assets/provider-icons/auth_service_google.svg (compressed_size=409 bytes, uncompressed_size=720 bytes)
[debug] [2023-08-12T20:22:25.460Z] [unzip] Processing entry: client\assets\provider-icons\auth_service_google.svg
[debug] [2023-08-12T20:22:25.460Z] [unzip] else mkdir: C:\Users\User\.cache\firebase\emulators\ui-v1.11.7\client\assets\provider-icons
[debug] [2023-08-12T20:22:25.460Z] [unzip] deflating: C:\Users\User\.cache\firebase\emulators\ui-v1.11.7\client\assets\provider-icons\auth_service_google.svg
[debug] [2023-08-12T20:22:25.462Z] [unzip] Entry: client/assets/provider-icons/auth_service_email.svg (compressed_size=228 bytes, uncompressed_size=326 bytes)
[debug] [2023-08-12T20:22:25.462Z] [unzip] Processing entry: client\assets\provider-icons\auth_service_email.svg
[debug] [2023-08-12T20:22:25.462Z] [unzip] else mkdir: C:\Users\User\.cache\firebase\emulators\ui-v1.11.7\client\assets\provider-icons
[debug] [2023-08-12T20:22:25.463Z] [unzip] deflating: C:\Users\User\.cache\firebase\emulators\ui-v1.11.7\client\assets\provider-icons\auth_service_email.svg
[debug] [2023-08-12T20:22:25.464Z] [unzip] Entry: client/assets/provider-icons/auth_service_twitter.svg (compressed_size=444 bytes, uncompressed_size=751 bytes)
[debug] [2023-08-12T20:22:25.464Z] [unzip] Processing entry: client\assets\provider-icons\auth_service_twitter.svg
[debug] [2023-08-12T20:22:25.464Z] [unzip] else mkdir: C:\Users\User\.cache\firebase\emulators\ui-v1.11.7\client\assets\provider-icons
[debug] [2023-08-12T20:22:25.465Z] [unzip] deflating: C:\Users\User\.cache\firebase\emulators\ui-v1.11.7\client\assets\provider-icons\auth_service_twitter.svg
[debug] [2023-08-12T20:22:25.466Z] [unzip] Entry: client/assets/provider-icons/auth_service_game_center.svg (compressed_size=991 bytes, uncompressed_size=3921 bytes)
[debug] [2023-08-12T20:22:25.466Z] [unzip] Processing entry: client\assets\provider-icons\auth_service_game_center.svg
[debug] [2023-08-12T20:22:25.466Z] [unzip] else mkdir: C:\Users\User\.cache\firebase\emulators\ui-v1.11.7\client\assets\provider-icons
[debug] [2023-08-12T20:22:25.466Z] [unzip] deflating: C:\Users\User\.cache\firebase\emulators\ui-v1.11.7\client\assets\provider-icons\auth_service_game_center.svg
[debug] [2023-08-12T20:22:25.467Z] [unzip] Entry: client/assets/index.c2583d42.js.map (compressed_size=1778557 bytes, uncompressed_size=7961927 bytes)
[debug] [2023-08-12T20:22:25.467Z] [unzip] Processing entry: client\assets\index.c2583d42.js.map
[debug] [2023-08-12T20:22:25.467Z] [unzip] else mkdir: C:\Users\User\.cache\firebase\emulators\ui-v1.11.7\client\assets
[debug] [2023-08-12T20:22:25.468Z] [unzip] deflating: C:\Users\User\.cache\firebase\emulators\ui-v1.11.7\client\assets\index.c2583d42.js.map
[debug] [2023-08-12T20:22:25.527Z] [unzip] Entry: client/assets/img/ (compressed_size=0 bytes, uncompressed_size=0 bytes)
[debug] [2023-08-12T20:22:25.527Z] [unzip] Processing entry: client\assets\img\
[debug] [2023-08-12T20:22:25.527Z] [unzip] mkdir: C:\Users\User\.cache\firebase\emulators\ui-v1.11.7\client\assets\img\
[debug] [2023-08-12T20:22:25.528Z] [unzip] Entry: client/assets/img/database.png (compressed_size=29449 bytes, uncompressed_size=29988 bytes)
[debug] [2023-08-12T20:22:25.528Z] [unzip] Processing entry: client\assets\img\database.png
[debug] [2023-08-12T20:22:25.528Z] [unzip] else mkdir: C:\Users\User\.cache\firebase\emulators\ui-v1.11.7\client\assets\img
[debug] [2023-08-12T20:22:25.528Z] [unzip] deflating: C:\Users\User\.cache\firebase\emulators\ui-v1.11.7\client\assets\img\database.png
[debug] [2023-08-12T20:22:25.530Z] [unzip] Entry: client/safari-pinned-tab.svg (compressed_size=838 bytes, uncompressed_size=1504 bytes)
[debug] [2023-08-12T20:22:25.530Z] [unzip] Processing entry: client\safari-pinned-tab.svg
[debug] [2023-08-12T20:22:25.530Z] [unzip] else mkdir: C:\Users\User\.cache\firebase\emulators\ui-v1.11.7\client
[debug] [2023-08-12T20:22:25.531Z] [unzip] deflating: C:\Users\User\.cache\firebase\emulators\ui-v1.11.7\client\safari-pinned-tab.svg
[debug] [2023-08-12T20:22:25.532Z] [unzip] Entry: client/mstile-150x150.png (compressed_size=5406 bytes, uncompressed_size=5723 bytes)
[debug] [2023-08-12T20:22:25.532Z] [unzip] Processing entry: client\mstile-150x150.png
[debug] [2023-08-12T20:22:25.532Z] [unzip] else mkdir: C:\Users\User\.cache\firebase\emulators\ui-v1.11.7\client
[debug] [2023-08-12T20:22:25.532Z] [unzip] deflating: C:\Users\User\.cache\firebase\emulators\ui-v1.11.7\client\mstile-150x150.png
[debug] [2023-08-12T20:22:25.540Z] [unzip] Entry: client/browserconfig.xml (compressed_size=491 bytes, uncompressed_size=822 bytes)
[debug] [2023-08-12T20:22:25.540Z] [unzip] Processing entry: client\browserconfig.xml
[debug] [2023-08-12T20:22:25.540Z] [unzip] else mkdir: C:\Users\User\.cache\firebase\emulators\ui-v1.11.7\client
[debug] [2023-08-12T20:22:25.540Z] [unzip] deflating: C:\Users\User\.cache\firebase\emulators\ui-v1.11.7\client\browserconfig.xml
[debug] [2023-08-12T20:22:25.541Z] [unzip] Entry: client/robots.txt (compressed_size=26 bytes, uncompressed_size=26 bytes)
[debug] [2023-08-12T20:22:25.541Z] [unzip] Processing entry: client\robots.txt
[debug] [2023-08-12T20:22:25.541Z] [unzip] else mkdir: C:\Users\User\.cache\firebase\emulators\ui-v1.11.7\client
[debug] [2023-08-12T20:22:25.541Z] [unzip] Writing file: C:\Users\User\.cache\firebase\emulators\ui-v1.11.7\client\robots.txt
[debug] [2023-08-12T20:22:25.542Z] [unzip] Entry: client/index.html (compressed_size=1363 bytes, uncompressed_size=3064 bytes)
[debug] [2023-08-12T20:22:25.543Z] [unzip] Processing entry: client\index.html
[debug] [2023-08-12T20:22:25.543Z] [unzip] else mkdir: C:\Users\User\.cache\firebase\emulators\ui-v1.11.7\client
[debug] [2023-08-12T20:22:25.543Z] [unzip] deflating: C:\Users\User\.cache\firebase\emulators\ui-v1.11.7\client\index.html
[debug] [2023-08-12T20:22:25.544Z] [unzip] Entry: client/favicon-16x16.png (compressed_size=757 bytes, uncompressed_size=777 bytes)
[debug] [2023-08-12T20:22:25.544Z] [unzip] Processing entry: client\favicon-16x16.png
[debug] [2023-08-12T20:22:25.544Z] [unzip] else mkdir: C:\Users\User\.cache\firebase\emulators\ui-v1.11.7\client
[debug] [2023-08-12T20:22:25.544Z] [unzip] deflating: C:\Users\User\.cache\firebase\emulators\ui-v1.11.7\client\favicon-16x16.png
[debug] [2023-08-12T20:22:25.545Z] [unzip] Entry: client/manifest.json (compressed_size=246 bytes, uncompressed_size=551 bytes)
[debug] [2023-08-12T20:22:25.545Z] [unzip] Processing entry: client\manifest.json
[debug] [2023-08-12T20:22:25.545Z] [unzip] else mkdir: C:\Users\User\.cache\firebase\emulators\ui-v1.11.7\client
[debug] [2023-08-12T20:22:25.545Z] [unzip] deflating: C:\Users\User\.cache\firebase\emulators\ui-v1.11.7\client\manifest.json
[debug] [2023-08-12T20:22:25.546Z] [unzip] Entry: client/favicon-32x32.png (compressed_size=1175 bytes, uncompressed_size=1175 bytes)
[debug] [2023-08-12T20:22:25.546Z] [unzip] Processing entry: client\favicon-32x32.png
[debug] [2023-08-12T20:22:25.546Z] [unzip] else mkdir: C:\Users\User\.cache\firebase\emulators\ui-v1.11.7\client
[debug] [2023-08-12T20:22:25.547Z] [unzip] Writing file: C:\Users\User\.cache\firebase\emulators\ui-v1.11.7\client\favicon-32x32.png
[debug] [2023-08-12T20:22:25.547Z] [unzip] Entry: client/android-chrome-192x192.png (compressed_size=7602 bytes, uncompressed_size=7834 bytes)
[debug] [2023-08-12T20:22:25.547Z] [unzip] Processing entry: client\android-chrome-192x192.png
[debug] [2023-08-12T20:22:25.547Z] [unzip] else mkdir: C:\Users\User\.cache\firebase\emulators\ui-v1.11.7\client
[debug] [2023-08-12T20:22:25.548Z] [unzip] deflating: C:\Users\User\.cache\firebase\emulators\ui-v1.11.7\client\android-chrome-192x192.png
[debug] [2023-08-12T20:22:25.548Z] [unzip] Entry: server/ (compressed_size=0 bytes, uncompressed_size=0 bytes)
[debug] [2023-08-12T20:22:25.548Z] [unzip] Processing entry: server\
[debug] [2023-08-12T20:22:25.549Z] [unzip] mkdir: C:\Users\User\.cache\firebase\emulators\ui-v1.11.7\server\
[debug] [2023-08-12T20:22:25.549Z] [unzip] Entry: server/server.js (compressed_size=343746 bytes, uncompressed_size=1346374 bytes)
[debug] [2023-08-12T20:22:25.549Z] [unzip] Processing entry: server\server.js
[debug] [2023-08-12T20:22:25.549Z] [unzip] else mkdir: C:\Users\User\.cache\firebase\emulators\ui-v1.11.7\server
[debug] [2023-08-12T20:22:25.549Z] [unzip] deflating: C:\Users\User\.cache\firebase\emulators\ui-v1.11.7\server\server.js
[debug] [2023-08-12T20:22:25.556Z] [unzip] Entry: server/server.js.map (compressed_size=289157 bytes, uncompressed_size=1325651 bytes)
[debug] [2023-08-12T20:22:25.556Z] [unzip] Processing entry: server\server.js.map
[debug] [2023-08-12T20:22:25.556Z] [unzip] else mkdir: C:\Users\User\.cache\firebase\emulators\ui-v1.11.7\server
[debug] [2023-08-12T20:22:25.557Z] [unzip] deflating: C:\Users\User\.cache\firebase\emulators\ui-v1.11.7\server\server.js.map
[debug] [2023-08-12T20:22:25.566Z] Ignoring unsupported arg: auto_download {"metadata":{"emulator":{"name":"ui"},"message":"Ignoring unsupported arg: auto_download"}}
[debug] [2023-08-12T20:22:25.566Z] Ignoring unsupported arg: port {"metadata":{"emulator":{"name":"ui"},"message":"Ignoring unsupported arg: port"}}
[debug] [2023-08-12T20:22:25.566Z] Starting Emulator UI with command {"binary":"node","args":["C:\\Users\\User\\.cache\\firebase\\emulators\\ui-v1.11.7\\server\\server.js"],"optionalArgs":[],"joinArgs":false} {"metadata":{"emulator":{"name":"ui"},"message":"Starting Emulator UI with command {\"binary\":\"node\",\"args\":[\"C:\\\\Users\\\\User\\\\.cache\\\\firebase\\\\emulators\\\\ui-v1.11.7\\\\server\\\\server.js\"],\"optionalArgs\":[],\"joinArgs\":false}"}}
[info] i  ui: Emulator UI logging to ui-debug.log {"metadata":{"emulator":{"name":"ui"},"message":"Emulator UI logging to \u001b[1mui-debug.log\u001b[22m"}}
[debug] [2023-08-12T20:22:25.737Z] Web / API server started at 127.0.0.1:9090
 {"metadata":{"emulator":{"name":"ui"},"message":"Web / API server started at 127.0.0.1:9090\n"}}
[debug] [2023-08-12T20:22:25.738Z] Web / API server started at ::1:9090
 {"metadata":{"emulator":{"name":"ui"},"message":"Web / API server started at ::1:9090\n"}}
[info] 
┌─────────────────────────────────────────────────────────────┐
│ ✔  All emulators ready! It is now safe to connect your app. │
│ i  View Emulator UI at http://127.0.0.1:9090/               │
└─────────────────────────────────────────────────────────────┘

┌────────────────┬────────────────┬────────────────────────────┐
│ Emulator       │ Host:Port      │ View in Emulator UI        │
├────────────────┼────────────────┼────────────────────────────┤
│ Authentication │ 127.0.0.1:4200 │ http://127.0.0.1:9090/auth │
└────────────────┴────────────────┴────────────────────────────┘
  Emulator Hub running at 127.0.0.1:4400
  Other reserved ports: 4500

Issues? Report them at https://github.com/firebase/firebase-tools/issues and attach the *-debug.log files.
 
